<?xml version="1.0" encoding="UTF-8"?>
<!-- Generated by org.testng.reporters.JUnitReportReporter -->
<testsuite hostname="Lakshmi_Azus" failures="0" tests="1" name="com.magneto.testCases.LoginPageTest" time="11.514" errors="0" timestamp="2023-10-18T11:50:12 CEST" skipped="0">
  <testcase classname="com.magneto.testCases.LoginPageTest" name="loginTest" time="11.514"/>
</testsuite> <!-- com.magneto.testCases.LoginPageTest -->
