<?xml version="1.0" encoding="UTF-8"?>
<!-- Generated by org.testng.reporters.JUnitReportReporter -->
<testsuite hostname="Lakshmi_Azus" failures="0" tests="1" name="com.magneto.testCases.LoginPageTest" time="9.748" errors="0" timestamp="2023-10-17T18:37:40 CEST" skipped="0">
  <testcase classname="com.magneto.testCases.LoginPageTest" name="loginTest" time="9.748"/>
</testsuite> <!-- com.magneto.testCases.LoginPageTest -->
