<?xml version="1.0" encoding="UTF-8"?>
<!-- Generated by org.testng.reporters.JUnitXMLReporter -->
<testsuite ignored="1" hostname="Lakshmi_Azus" failures="0" tests="2" name="Test-Firefox" time="26.155" errors="0" timestamp="2023-10-17T10:11:07 CEST">
  <testcase classname="com.magneto.testCases.IndexPageTest" name="VerifySignIn" time="0.093"/>
  <testcase classname="com.magneto.testCases.LoginPageTest" name="loginTest" time="8.905"/>
  <testcase classname="com.magneto.base.BaseClass" name="@BeforeSuite loadConfig" time="0.0">
    <ignored/>
  </testcase> <!-- @BeforeSuite loadConfig -->
</testsuite> <!-- Test-Firefox -->
