<?xml version="1.0" encoding="UTF-8"?>
<!-- Generated by org.testng.reporters.JUnitXMLReporter -->
<testsuite ignored="2" hostname="Lakshmi_Azus" failures="1" tests="3" name="Test-All" time="18.634" errors="0" timestamp="2023-10-17T11:04:10 CEST">
  <testcase classname="com.magneto.testCases.IndexPageTest" name="VerifySignIn" time="0.073"/>
  <testcase classname="com.magneto.testCases.IndexPageTest" name="verifyTitle" time="0.011">
    <failure type="java.lang.AssertionError" message="expected [Home Page1] but found [Home Page]">
      <![CDATA[java.lang.AssertionError: expected [Home Page1] but found [Home Page]
at com.magneto.testCases.IndexPageTest.verifyTitle(IndexPageTest.java:41)
at java.base/java.util.ArrayList.forEach(ArrayList.java:1511)
... Removed 31 stack frames]]>
    </failure>
  </testcase> <!-- verifyTitle -->
  <testcase classname="com.magneto.testCases.LoginPageTest" name="loginTest" time="8.961"/>
  <testcase classname="com.magneto.base.BaseClass" name="@AfterSuite afterSuite" time="0.0">
    <ignored/>
  </testcase> <!-- @AfterSuite afterSuite -->
  <testcase classname="com.magneto.base.BaseClass" name="@BeforeSuite loadConfig" time="0.0">
    <ignored/>
  </testcase> <!-- @BeforeSuite loadConfig -->
</testsuite> <!-- Test-All -->
